INFO         | Android emulator version 36.2.12.0 (build_id 14214601) (CL:N/A)
INFO         | Graphics backend: gfxstream
INFO         | Found systemPath C:\Users\kundu\AppData\Local\Android\Sdk\system-images\android-36.1\google_apis_playstore\x86_64\
WARNING      | Please update the emulator to one that supports the feature(s): VulkanVirtualQueue
INFO         | IPv4 server found: 192.168.1.1
INFO         | Ignore IPv6 address: 409c:4816:c401:0:409c:4816:c401:0
INFO         | Ignore IPv6 address: 409c:4816:c401:0:409c:4816:c401:0
INFO         | Ignore IPv6 address: 409c:4816:c401:0:409c:4816:c401:0
INFO         | Ignore IPv6 address: 58a2:4816:c401:0:409c:4816:c401:0
INFO         | Ignore IPv6 address: 58a2:4816:c401:0:409c:4816:c401:0
INFO         | Ignore IPv6 address: 58a2:4816:c401:0:409c:4816:c401:0
INFO         | Ignore IPv6 address: 20b0:4816:c401:0:409c:4816:c401:0
INFO         | Ignore IPv6 address: 20b0:4816:c401:0:409c:4816:c401:0
INFO         | Ignore IPv6 address: 20b0:4816:c401:0:409c:4816:c401:0
INFO         | Ignore IPv6 address: 40b6:4816:c401:0:409c:4816:c401:0
INFO         | Ignore IPv6 address: 40b6:4816:c401:0:409c:4816:c401:0
INFO         | Ignore IPv6 address: 40b6:4816:c401:0:409c:4816:c401:0
INFO         | Ignore IPv6 address: 30bc:4816:c401:0:409c:4816:c401:0
INFO         | Ignore IPv6 address: 30bc:4816:c401:0:409c:4816:c401:0
INFO         | Ignore IPv6 address: 30bc:4816:c401:0:409c:4816:c401:0
INFO         | Ignore IPv6 address: 18c2:4816:c401:0:409c:4816:c401:0
INFO         | Ignore IPv6 address: 18c2:4816:c401:0:409c:4816:c401:0
INFO         | Ignore IPv6 address: 18c2:4816:c401:0:409c:4816:c401:0
INFO         | Guest GLES Driver: Auto (ext controls)
library_mode host gpu mode host
INFO         | emuglConfig_get_vulkan_hardware_gpu_support_info: Found physical GPU 'NVIDIA GeForce GTX 1650', type: VK_PHYSICAL_DEVICE_TYPE_DISCRETE_GPU, apiVersion: 1.3.289, driverVersion: 566.7

INFO         | emuglConfig_get_vulkan_hardware_gpu_support_info: Found physical GPU 'AMD Radeon(TM) Graphics', type: VK_PHYSICAL_DEVICE_TYPE_INTEGRATED_GPU, apiVersion: 1.2.182, driverVersion: 2.0.193

INFO         | GPU device local memory = 4151MB
INFO         | Checking system compatibility:
INFO         |   Checking: hasCompatibleHypervisor
INFO         |      Ok: Hypervisor compatibility to run avd: `Medium_Phone_API_36.1` are met
INFO         |   Checking: hasSufficientSystem
INFO         |      Ok: System requirements to run avd: `Medium_Phone_API_36.1` are met
INFO         |   Checking: hasSufficientHwGpu
INFO         |      Ok: Hardware GPU requirements to run avd: `Medium_Phone_API_36.1` are passed
INFO         |   Checking: hasSufficientDiskSpace
INFO         |      Ok: Disk space requirements to run avd: `Medium_Phone_API_36.1` are met
WARNING      | Emulator does not support more than 6 cores. Number of cores set to 6
INFO         | Critical: Failed to load opengl32sw (The specified module could not be found.) (:0, )
INFO         | Warning: Software OpenGL failed. Falling back to system OpenGL. (:0, )
INFO         | Warning: QMetaObject::connectSlotsByName: No matching signal for on_btn_xr_environment_living_room_day_clicked() (:0, )
INFO         | Warning: QMetaObject::connectSlotsByName: No matching signal for on_btn_xr_environment_living_room_night_clicked() (:0, )
INFO         | Warning: QMetaObject::connectSlotsByName: No matching signal for on_new_posture_requested(int) (:0, )
INFO         | Warning: QMetaObject::connectSlotsByName: No matching signal for on_dismiss_posture_selection_dialog() (:0, )
INFO         | Warning: QMetaObject::connectSlotsByName: No matching signal for on_new_resizable_requested(PresetEmulatorSizeType) (:0, )
INFO         | Warning: QMetaObject::connectSlotsByName: No matching signal for on_dismiss_resizable_dialog() (:0, )
INFO         | Warning: QMetaObject::connectSlotsByName: No matching signal for on_xr_environment_mode_changed(int) (:0, )
INFO         | Warning: QMetaObject::connectSlotsByName: No matching signal for on_dismiss_xr_environment_mode_dialog() (:0, )
INFO         | Warning: QMetaObject::connectSlotsByName: No matching signal for on_xr_input_mode_changed(int) (:0, )
INFO         | Warning: QMetaObject::connectSlotsByName: No matching signal for on_dismiss_xr_input_mode_dialog() (:0, )
INFO         | Warning: QMetaObject::connectSlotsByName: No matching signal for on_sleep_timer_done() (:0, )
INFO         | Warning: QMetaObject::connectSlotsByName: No matching signal for on_unfold_timer_done() (:0, )
INFO         | Storing crashdata in: C:\Users\kundu\AppData\Local\Temp\\AndroidEmulator\emu-crash-36.2.12.db, detection is enabled for process: 39400
INFO         | Initializing hardware OpenGLES emulation support
INFO         | android_startOpenglesRenderer: gpu info
INFO         | GPU #1
  Make: 10de
  Model: NVIDIA GeForce GTX 1650
  Device ID: 1f9d

INFO         | HealthMonitor disabled.
INFO         | SharedLibrary::open for [vulkan-1.dll]
INFO         | SharedLibrary::open for [vulkan-1.dll]: not found in map, open for the first time
INFO         | SharedLibrary::open for [vulkan-1.dll] (win32): call LoadLibrary
INFO         | SharedLibrary::open succeeded for [vulkan-1.dll]. File name: [C:\WINDOWS\SYSTEM32\vulkan-1.dll]
INFO         | Added library: vulkan-1.dll
INFO         | Selecting Vulkan device: NVIDIA GeForce GTX 1650, Version: 1.3.289
INFO         | Disabling sparse binding feature support
INFO         | SharedLibrary::open for [opengl32.dll]: not found in map, open for the first time
INFO         | SharedLibrary::open for [opengl32.dll] (win32): call LoadLibrary
INFO         | SharedLibrary::open succeeded for [opengl32.dll]. File name: [C:\WINDOWS\SYSTEM32\opengl32.DLL]
INFO         | SharedLibrary::open for [libshadertranslator.dll]: not found in map, open for the first time
INFO         | SharedLibrary::open for [libshadertranslator.dll] (win32): call LoadLibrary
INFO         | SharedLibrary::open succeeded for [libshadertranslator.dll]. File name: [C:\Users\kundu\AppData\Local\Android\Sdk\emulator\lib64\libshadertranslator.dll]
INFO         | Initializing VkEmulation features:
INFO         |     glInteropSupported: true
INFO         |     useDeferredCommands: true
INFO         |     createResourceWithRequirements: true
INFO         |     useVulkanComposition: false
INFO         |     useVulkanNativeSwapchain: false
INFO         |     enable guestRenderDoc: false
INFO         |     ASTC LDR emulation mode: Gpu
INFO         |     enable ETC2 emulation: true
INFO         |     enable Ycbcr emulation: false
INFO         |     guestVulkanOnly: false
INFO         |     useDedicatedAllocations: false
INFO         | Graphics Adapter Vendor Google (NVIDIA Corporation)
INFO         | Graphics Adapter Android Emulator OpenGL ES Translator (NVIDIA GeForce GTX 1650/PCIe/SSE2)
INFO         | Graphics API Version OpenGL ES 3.0 (4.5.0 NVIDIA 566.07)
INFO         | Graphics API Extensions GL_OES_EGL_sync GL_OES_EGL_image GL_OES_EGL_image_external GL_OES_depth24 GL_OES_depth32 GL_OES_element_index_uint GL_OES_texture_float GL_OES_texture_float_linear GL_OES_compressed_paletted_texture GL_OES_compressed_ETC1_RGB8_texture GL_OES_depth_texture GL_OES_texture_half_float GL_OES_texture_half_float_linear GL_OES_packed_depth_stencil GL_OES_vertex_half_float GL_OES_texture_npot GL_OES_rgb8_rgba8 GL_OVR_multiview2 GL_EXT_multiview_texture_multisample GL_EXT_color_buffer_float GL_EXT_color_buffer_half_float GL_EXT_texture_format_BGRA8888 GL_APPLE_texture_format_BGRA8888 GL_EXT_texture_buffer 
INFO         | Graphics Device Extensions N/A
INFO         | Sending adb public key [QAAAAMfDWaAJ8gpEznl7aBxwr8dTISRtpwW/XNKFLyPOeGnfH8KsWLJl+1Xk9/JH/WaLGwcDbQo8zX1bcvhr7fysnmQjftxIBZ4hA+zljt/w97zAOyKZmY2xGHCDiPnMzouEpe6pVZ9j3WRkJMfBD2JOs543xBz2cnpSw6Ua0oo7o/8VOn3bFDbjk1ZFr8OuxyMK16ppGvpnH+FZ3nl0lHwG/F6/DJ7mVgoB6KaJDNLCRGkDCpjiEIzyOPL4aB4fjUOHQyJ4l19K94W+CvoB5Wc6afR1DtL/5knhew/63aWRarWJNS5NTAedNc9RwGnwxvvYpuTZv/lVhsBrq6tJhEuKgsP9rz2ugz0oz5etBWtcn1yancJnNBz63jF2u/465qAYj+RzAaaHdbor+V6d3RlfZtxU+rWMhZQMmDpc3reewUzkF3rd5B9E6PW4I6BbWBJjR+aimegXKjATX6+Oqgd1vraR0j3YLJ5HKel1VOOPfS0oML1CagDNsQSOtGvppwB5ROf1I/RTn38rNnwDcM6413hmZJM28BMJia3eV7EQWr/uP8+kQpuUFOoMmXGW7jWhcHa/SnydUU35AQSs32iJaMcb52AkczQx6jk2HRioft6lcdsjQFdzVGHjI3hHq5a7Umd9tFzx5YccmR4VOP+bk0EAtl8AdTdRvZI4Fp26yW0S7sDeFwEAAQA= @unknown]
INFO         | Userspace boot properties:
INFO         |   androidboot.boot_devices=pci0000:00/0000:00:03.0 pci0000:00/0000:00:06.0
INFO         |   androidboot.dalvik.vm.heapsize=512m
INFO         |   androidboot.debug.hwui.renderer=skiagl
INFO         |   androidboot.debug.sf.nobootanimation=1
INFO         |   androidboot.hardware=ranchu
INFO         |   androidboot.hardware.gltransport=pipe
INFO         |   androidboot.hardware.vulkan=ranchu
INFO         |   androidboot.logcat=*:V
INFO         |   androidboot.opengles.version=196609
INFO         |   androidboot.qemu=1
INFO         |   androidboot.qemu.adb.pubkey=QAAAAMfDWaAJ8gpEznl7aBxwr8dTISRtpwW/XNKFLyPOeGnfH8KsWLJl+1Xk9/JH/WaLGwcDbQo8zX1bcvhr7fysnmQjftxIBZ4hA+zljt/w97zAOyKZmY2xGHCDiPnMzouEpe6pVZ9j3WRkJMfBD2JOs543xBz2cnpSw6Ua0oo7o/8VOn3bFDbjk1ZFr8OuxyMK16ppGvpnH+FZ3nl0lHwG/F6/DJ7mVgoB6KaJDNLCRGkDCpjiEIzyOPL4aB4fjUOHQyJ4l19K94W+CvoB5Wc6afR1DtL/5knhew/63aWRarWJNS5NTAedNc9RwGnwxvvYpuTZv/lVhsBrq6tJhEuKgsP9rz2ugz0oz5etBWtcn1yancJnNBz63jF2u/465qAYj+RzAaaHdbor+V6d3RlfZtxU+rWMhZQMmDpc3reewUzkF3rd5B9E6PW4I6BbWBJjR+aimegXKjATX6+Oqgd1vraR0j3YLJ5HKel1VOOPfS0oML1CagDNsQSOtGvppwB5ROf1I/RTn38rNnwDcM6413hmZJM28BMJia3eV7EQWr/uP8+kQpuUFOoMmXGW7jWhcHa/SnydUU35AQSs32iJaMcb52AkczQx6jk2HRioft6lcdsjQFdzVGHjI3hHq5a7Umd9tFzx5YccmR4VOP+bk0EAtl8AdTdRvZI4Fp26yW0S7sDeFwEAAQA= @unknown
INFO         |   androidboot.qemu.avd_name=Medium_Phone_API_36.1
INFO         |   androidboot.qemu.camera_hq_edge_processing=0
INFO         |   androidboot.qemu.camera_protocol_ver=1
INFO         |   androidboot.qemu.cpuvulkan.version=4202496
INFO         |   androidboot.qemu.gltransport.drawFlushInterval=800
INFO         |   androidboot.qemu.gltransport.name=pipe
INFO         |   androidboot.qemu.hwcodec.avcdec=2
INFO         |   androidboot.qemu.hwcodec.hevcdec=2
INFO         |   androidboot.qemu.hwcodec.vpxdec=2
INFO         |   androidboot.qemu.settings.system.screen_off_timeout=2147483647
INFO         |   androidboot.qemu.virtiowifi=1
INFO         |   androidboot.qemu.vsync=60
INFO         |   androidboot.serialno=EMULATOR36X2X12X0
INFO         |   androidboot.vbmeta.digest=985534687e7068fe518baf7329565a3d751ac7eefcd99a2439c5c663b465aa72
INFO         |   androidboot.vbmeta.hash_alg=sha256
INFO         |   androidboot.vbmeta.size=6784
INFO         |   androidboot.veritymode=enforcing
WHPX on Windows 10.0.26200 detected.
Windows Hypervisor Platform accelerator is operational
netsimd I 07-18 10:41:53.107 daemon\src\rust_main.rs:100 - netsim artifacts path: "C:\\Users\\kundu\\AppData\\Local\\Temp\\netsimd"
netsimd I 07-18 10:41:53.108 daemon\src\rust_main.rs:103 - NetsimdArgs {
    fd_startup_str: None,
    no_cli_ui: true,
    no_web_ui: true,
    pcap: false,
    disable_address_reuse: false,
    hci_port: None,
    connector_instance: None,
    instance: None,
    logtostderr: false,
    dev: false,
    forward_host_mdns: false,
    vsock: None,
    config: None,
    host_dns: Some(
        "192.168.1.1",
    ),
    http_proxy: None,
    wifi_tap: None,
    wifi: None,
    test_beacons: false,
    no_test_beacons: false,
    no_shutdown: false,
    verbose: false,
    version: false,
    debug: DebugArgs {
        debug_no_traffic: false,
        debug_no_network: false,
        debug_no_wmedium: false,
        debug_no_mdns_wmedium: false,
        debug_no_guest_to_host_mdns: false,
    },
    rssi: None,
}
INFO         | Monitoring duration of emulator setup.
WARNING      | The emulator now requires a signed jwt token for gRPC access! Use the -grpc flag if you really want an open unprotected grpc port
INFO         | Using security allow list from: C:\Users\kundu\AppData\Local\Android\Sdk\emulator\lib\emulator_access.json
WARNING      | *** Basic token auth should only be used by android-studio ***
INFO         | The active JSON Web Key Sets can be found here: C:\Users\kundu\AppData\Local\Temp\avd\running\39400\jwks\c990593b-7d59-4e94-80ca-93f5f6a93607\active.jwk
INFO         | Scanning C:\Users\kundu\AppData\Local\Temp\avd\running\39400\jwks\c990593b-7d59-4e94-80ca-93f5f6a93607 for jwk keys.
INFO         | Started GRPC server at 127.0.0.1:8554, security: Local, auth: +token
INFO         | Advertising in: C:\Users\kundu\AppData\Local\Temp\avd\running\pid_39400.ini
INFO         | Setting display: 0 configuration to: 1080x2400, dpi: 420x420 
INFO         | setDisplayActiveConfig 0
INFO         | Checking system compatibility:
INFO         |   Checking: hasCompatibleHypervisor
INFO         |      Ok: Hypervisor compatibility to run avd: `Medium_Phone_API_36.1` are met
INFO         |   Checking: hasSufficientSystem
INFO         |      Ok: System requirements to run avd: `Medium_Phone_API_36.1` are met
INFO         |   Checking: hasSufficientHwGpu
INFO         |      Ok: Hardware GPU requirements to run avd: `Medium_Phone_API_36.1` are passed
INFO         |   Checking: hasSufficientDiskSpace
INFO         |      Ok: Disk space requirements to run avd: `Medium_Phone_API_36.1` are met
USER_INFO    | Emulator is performing a full startup. This may take upto two minutes, or more.
WARNING      | adb command 'C:\Users\kundu\AppData\Local\Android\Sdk\platform-tools\adb.exe -s emulator-5554 shell am start-foreground-service -e meter on com.android.emulator.radio.config/.MeterService ' failed: 'adb.exe: device offline'
INFO         | Activated packet streamer for bluetooth emulation
INFO         | Activated packet streamer for uwb emulation
INFO         | Critical: UpdateLayeredWindowIndirect failed for ptDst=(574, -788), size=(375x26), dirty=(375x26 0, 0) (A device attached to the system is not functioning.) (:0, )
INFO         | Boot completed in 47986 ms
INFO         | Increasing screen off timeout, logcat buffer size to 2M.
INFO         | IPv4 server found: 192.168.1.1
INFO         | Ignore IPv6 address: d0b8:fcd4:c401:0:d0b8:fcd4:c401:0
INFO         | Ignore IPv6 address: d0b8:fcd4:c401:0:d0b8:fcd4:c401:0
INFO         | Ignore IPv6 address: d0b8:fcd4:c401:0:d0b8:fcd4:c401:0
INFO         | Ignore IPv6 address: e8be:fcd4:c401:0:d0b8:fcd4:c401:0
INFO         | Ignore IPv6 address: e8be:fcd4:c401:0:d0b8:fcd4:c401:0
INFO         | Ignore IPv6 address: e8be:fcd4:c401:0:d0b8:fcd4:c401:0
INFO         | Ignore IPv6 address: b0cc:fcd4:c401:0:d0b8:fcd4:c401:0
INFO         | Ignore IPv6 address: b0cc:fcd4:c401:0:d0b8:fcd4:c401:0
INFO         | Ignore IPv6 address: b0cc:fcd4:c401:0:d0b8:fcd4:c401:0
INFO         | Ignore IPv6 address: d0d2:fcd4:c401:0:d0b8:fcd4:c401:0
INFO         | Ignore IPv6 address: d0d2:fcd4:c401:0:d0b8:fcd4:c401:0
INFO         | Ignore IPv6 address: d0d2:fcd4:c401:0:d0b8:fcd4:c401:0
INFO         | Ignore IPv6 address: c0d8:fcd4:c401:0:d0b8:fcd4:c401:0
INFO         | Ignore IPv6 address: c0d8:fcd4:c401:0:d0b8:fcd4:c401:0
INFO         | Ignore IPv6 address: c0d8:fcd4:c401:0:d0b8:fcd4:c401:0
INFO         | Ignore IPv6 address: a8de:fcd4:c401:0:d0b8:fcd4:c401:0
INFO         | Ignore IPv6 address: a8de:fcd4:c401:0:d0b8:fcd4:c401:0
INFO         | Ignore IPv6 address: a8de:fcd4:c401:0:d0b8:fcd4:c401:0
INFO         | IPv4 server found: 192.168.1.1
INFO         | Ignore IPv6 address: d0b8:fcd4:c401:0:d0b8:fcd4:c401:0
INFO         | Ignore IPv6 address: d0b8:fcd4:c401:0:d0b8:fcd4:c401:0
INFO         | Ignore IPv6 address: d0b8:fcd4:c401:0:d0b8:fcd4:c401:0
INFO         | Ignore IPv6 address: e8be:fcd4:c401:0:d0b8:fcd4:c401:0
INFO         | Ignore IPv6 address: e8be:fcd4:c401:0:d0b8:fcd4:c401:0
INFO         | Ignore IPv6 address: e8be:fcd4:c401:0:d0b8:fcd4:c401:0
INFO         | Ignore IPv6 address: b0cc:fcd4:c401:0:d0b8:fcd4:c401:0
INFO         | Ignore IPv6 address: b0cc:fcd4:c401:0:d0b8:fcd4:c401:0
INFO         | Ignore IPv6 address: b0cc:fcd4:c401:0:d0b8:fcd4:c401:0
INFO         | Ignore IPv6 address: d0d2:fcd4:c401:0:d0b8:fcd4:c401:0
INFO         | Ignore IPv6 address: d0d2:fcd4:c401:0:d0b8:fcd4:c401:0
INFO         | Ignore IPv6 address: d0d2:fcd4:c401:0:d0b8:fcd4:c401:0
INFO         | Ignore IPv6 address: c0d8:fcd4:c401:0:d0b8:fcd4:c401:0
INFO         | Ignore IPv6 address: c0d8:fcd4:c401:0:d0b8:fcd4:c401:0
INFO         | Ignore IPv6 address: c0d8:fcd4:c401:0:d0b8:fcd4:c401:0
INFO         | Ignore IPv6 address: a8de:fcd4:c401:0:d0b8:fcd4:c401:0
INFO         | Ignore IPv6 address: a8de:fcd4:c401:0:d0b8:fcd4:c401:0
INFO         | Ignore IPv6 address: a8de:fcd4:c401:0:d0b8:fcd4:c401:0
INFO         | IPv4 server found: 192.168.1.1
INFO         | Ignore IPv6 address: d0b8:fcd4:c401:0:d0b8:fcd4:c401:0
INFO         | Ignore IPv6 address: d0b8:fcd4:c401:0:d0b8:fcd4:c401:0
INFO         | Ignore IPv6 address: d0b8:fcd4:c401:0:d0b8:fcd4:c401:0
INFO         | Ignore IPv6 address: e8be:fcd4:c401:0:d0b8:fcd4:c401:0
INFO         | Ignore IPv6 address: e8be:fcd4:c401:0:d0b8:fcd4:c401:0
INFO         | Ignore IPv6 address: e8be:fcd4:c401:0:d0b8:fcd4:c401:0
INFO         | Ignore IPv6 address: b0cc:fcd4:c401:0:d0b8:fcd4:c401:0
INFO         | Ignore IPv6 address: b0cc:fcd4:c401:0:d0b8:fcd4:c401:0
INFO         | Ignore IPv6 address: b0cc:fcd4:c401:0:d0b8:fcd4:c401:0
INFO         | Ignore IPv6 address: d0d2:fcd4:c401:0:d0b8:fcd4:c401:0
INFO         | Ignore IPv6 address: d0d2:fcd4:c401:0:d0b8:fcd4:c401:0
INFO         | Ignore IPv6 address: d0d2:fcd4:c401:0:d0b8:fcd4:c401:0
INFO         | Ignore IPv6 address: c0d8:fcd4:c401:0:d0b8:fcd4:c401:0
INFO         | Ignore IPv6 address: c0d8:fcd4:c401:0:d0b8:fcd4:c401:0
INFO         | Ignore IPv6 address: c0d8:fcd4:c401:0:d0b8:fcd4:c401:0
INFO         | Ignore IPv6 address: a8de:fcd4:c401:0:d0b8:fcd4:c401:0
INFO         | Ignore IPv6 address: a8de:fcd4:c401:0:d0b8:fcd4:c401:0
INFO         | Ignore IPv6 address: a8de:fcd4:c401:0:d0b8:fcd4:c401:0
INFO         | Critical: UpdateLayeredWindowIndirect failed for ptDst=(574, -788), size=(375x26), dirty=(375x26 0, 0) (A device attached to the system is not functioning.) (:0, )
